{
  "RSpec": {
    "coverage": {
      "/home/helpotters/Dropbox/programming/practice/ruby_programming/rails/when_are_we_free/config/environment.rb": {
        "lines": [
          null,
          1,
          null,
          null,
          1
        ]
      },
      "/home/helpotters/Dropbox/programming/practice/ruby_programming/rails/when_are_we_free/config/application.rb": {
        "lines": [
          1,
          null,
          1,
          null,
          1,
          1,
          1,
          1,
          1,
          1,
          1,
          1,
          1,
          1,
          null,
          null,
          null,
          null,
          1,
          null,
          1,
          1,
          null,
          1,
          null,
          null,
          null,
          null,
          null,
          null,
          null,
          null,
          null,
          null,
          1,
          null,
          null
        ]
      },
      "/home/helpotters/Dropbox/programming/practice/ruby_programming/rails/when_are_we_free/config/boot.rb": {
        "lines": [
          1,
          null,
          1,
          1
        ]
      },
      "/home/helpotters/Dropbox/programming/practice/ruby_programming/rails/when_are_we_free/config/environments/test.rb": {
        "lines": [
          1,
          null,
          null,
          null,
          null,
          null,
          null,
          1,
          null,
          null,
          null,
          1,
          null,
          null,
          null,
          null,
          1,
          null,
          null,
          1,
          1,
          null,
          null,
          null,
          null,
          1,
          1,
          1,
          null,
          null,
          1,
          null,
          null,
          1,
          null,
          null,
          1,
          null,
          1,
          null,
          null,
          null,
          null,
          1,
          null,
          null,
          1,
          null,
          null,
          1,
          null,
          null,
          1,
          null,
          null,
          null,
          null,
          null,
          null,
          null
        ]
      },
      "/home/helpotters/Dropbox/programming/practice/ruby_programming/rails/when_are_we_free/config/initializers/assets.rb": {
        "lines": [
          null,
          null,
          null,
          1,
          null,
          null,
          null,
          null,
          null,
          null,
          null,
          null
        ]
      },
      "/home/helpotters/Dropbox/programming/practice/ruby_programming/rails/when_are_we_free/config/initializers/content_security_policy.rb": {
        "lines": [
          null,
          null,
          null,
          null,
          null,
          null,
          null,
          null,
          null,
          null,
          null,
          null,
          null,
          null,
          null,
          null,
          null,
          null,
          null,
          null,
          null,
          null,
          null,
          null,
          null,
          null
        ]
      },
      "/home/helpotters/Dropbox/programming/practice/ruby_programming/rails/when_are_we_free/config/initializers/filter_parameter_logging.rb": {
        "lines": [
          null,
          null,
          null,
          null,
          null,
          1,
          null,
          null
        ]
      },
      "/home/helpotters/Dropbox/programming/practice/ruby_programming/rails/when_are_we_free/config/initializers/inflections.rb": {
        "lines": [
          null,
          null,
          null,
          null,
          null,
          null,
          null,
          null,
          null,
          null,
          null,
          null,
          null,
          null,
          null,
          null
        ]
      },
      "/home/helpotters/Dropbox/programming/practice/ruby_programming/rails/when_are_we_free/config/initializers/permissions_policy.rb": {
        "lines": [
          null,
          null,
          null,
          null,
          null,
          null,
          null,
          null,
          null,
          null,
          null
        ]
      },
      "/home/helpotters/Dropbox/programming/practice/ruby_programming/rails/when_are_we_free/spec/factories/events.rb": {
        "lines": [
          1,
          1,
          27,
          27,
          27,
          27,
          null,
          null
        ]
      },
      "/home/helpotters/Dropbox/programming/practice/ruby_programming/rails/when_are_we_free/spec/factories/voters.rb": {
        "lines": [
          1,
          1,
          9,
          9,
          null,
          null
        ]
      },
      "/home/helpotters/Dropbox/programming/practice/ruby_programming/rails/when_are_we_free/spec/factories/votes.rb": {
        "lines": [
          1,
          1,
          5,
          5,
          5,
          null,
          null
        ]
      },
      "/home/helpotters/Dropbox/programming/practice/ruby_programming/rails/when_are_we_free/config/routes.rb": {
        "lines": [
          1,
          null,
          1,
          null,
          null,
          1,
          null
        ]
      },
      "/home/helpotters/Dropbox/programming/practice/ruby_programming/rails/when_are_we_free/app/helpers/application_helper.rb": {
        "lines": [
          1,
          null
        ]
      },
      "/home/helpotters/Dropbox/programming/practice/ruby_programming/rails/when_are_we_free/app/helpers/events_helper.rb": {
        "lines": [
          1,
          null
        ]
      },
      "/home/helpotters/Dropbox/programming/practice/ruby_programming/rails/when_are_we_free/app/helpers/voters_helper.rb": {
        "lines": [
          1,
          null
        ]
      },
      "/home/helpotters/Dropbox/programming/practice/ruby_programming/rails/when_are_we_free/spec/support/capybara.rb": {
        "lines": [
          1,
          null,
          1,
          null,
          1,
          null,
          1,
          1,
          1,
          null,
          null,
          1,
          1,
          null,
          1,
          0,
          0,
          null,
          0,
          null,
          null,
          null,
          1,
          18,
          null
        ]
      },
      "/home/helpotters/Dropbox/programming/practice/ruby_programming/rails/when_are_we_free/spec/support/factory_bot.rb": {
        "lines": [
          1,
          1,
          null
        ]
      },
      "/home/helpotters/Dropbox/programming/practice/ruby_programming/rails/when_are_we_free/spec/features/event_show_spec.rb": {
        "lines": [
          1,
          null,
          1,
          5,
          null,
          1,
          4,
          null,
          1,
          4,
          4,
          4,
          null,
          null,
          null,
          1,
          5,
          null,
          null
        ]
      },
      "/home/helpotters/Dropbox/programming/practice/ruby_programming/rails/when_are_we_free/spec/features/voting_form_spec.rb": {
        "lines": [
          1,
          null,
          1,
          3,
          2,
          2,
          null,
          1,
          2,
          2,
          null,
          null,
          1,
          1,
          1,
          1,
          null,
          null,
          null,
          1,
          1,
          1,
          1,
          10,
          null,
          null,
          1,
          1,
          null,
          null,
          null
        ]
      },
      "/home/helpotters/Dropbox/programming/practice/ruby_programming/rails/when_are_we_free/spec/helpers/events_helper_spec.rb": {
        "lines": [
          1,
          null,
          null,
          null,
          null,
          null,
          null,
          null,
          null,
          null,
          null,
          null,
          1,
          1,
          null
        ]
      },
      "/home/helpotters/Dropbox/programming/practice/ruby_programming/rails/when_are_we_free/spec/helpers/voters_helper_spec.rb": {
        "lines": [
          1,
          null,
          null,
          null,
          null,
          null,
          null,
          null,
          null,
          null,
          null,
          null,
          1,
          1,
          null
        ]
      },
      "/home/helpotters/Dropbox/programming/practice/ruby_programming/rails/when_are_we_free/spec/models/event_spec.rb": {
        "lines": [
          1,
          null,
          1,
          9,
          null,
          1,
          2,
          2,
          null,
          2,
          2,
          null,
          1,
          2,
          2,
          2,
          null,
          1,
          2,
          null,
          null
        ]
      },
      "/home/helpotters/Dropbox/programming/practice/ruby_programming/rails/when_are_we_free/app/models/event.rb": {
        "lines": [
          1,
          1,
          1,
          1,
          1,
          1,
          null,
          1,
          null,
          1,
          10,
          178,
          178,
          null,
          null,
          1,
          null,
          1,
          42,
          42,
          null,
          null
        ]
      },
      "/home/helpotters/Dropbox/programming/practice/ruby_programming/rails/when_are_we_free/app/models/application_record.rb": {
        "lines": [
          1,
          1,
          null
        ]
      },
      "/home/helpotters/Dropbox/programming/practice/ruby_programming/rails/when_are_we_free/spec/models/vote_spec.rb": {
        "lines": [
          1,
          null,
          1,
          5,
          null,
          2,
          2,
          2,
          2,
          null
        ]
      },
      "/home/helpotters/Dropbox/programming/practice/ruby_programming/rails/when_are_we_free/app/models/vote.rb": {
        "lines": [
          1,
          1,
          1,
          1,
          null
        ]
      },
      "/home/helpotters/Dropbox/programming/practice/ruby_programming/rails/when_are_we_free/spec/models/voter_spec.rb": {
        "lines": [
          1,
          null,
          1,
          5,
          null,
          1,
          2,
          null,
          1,
          2,
          2,
          null,
          1,
          2,
          null,
          null
        ]
      },
      "/home/helpotters/Dropbox/programming/practice/ruby_programming/rails/when_are_we_free/app/models/voter.rb": {
        "lines": [
          1,
          1,
          1,
          1,
          1,
          1,
          null,
          1,
          33,
          null,
          null
        ]
      },
      "/home/helpotters/Dropbox/programming/practice/ruby_programming/rails/when_are_we_free/spec/requests/events_spec.rb": {
        "lines": [
          1,
          null,
          1,
          1,
          1,
          null,
          null
        ]
      },
      "/home/helpotters/Dropbox/programming/practice/ruby_programming/rails/when_are_we_free/spec/requests/voters_spec.rb": {
        "lines": [
          1,
          null,
          1,
          1,
          1,
          0,
          0,
          null,
          null,
          null
        ]
      },
      "/home/helpotters/Dropbox/programming/practice/ruby_programming/rails/when_are_we_free/spec/views/voters/new.html.erb_spec.rb": {
        "lines": [
          1,
          null,
          1,
          1,
          null
        ]
      },
      "/home/helpotters/Dropbox/programming/practice/ruby_programming/rails/when_are_we_free/app/controllers/events_controller.rb": {
        "lines": [
          1,
          1,
          3,
          null,
          null,
          1,
          2,
          null,
          2,
          2,
          4,
          null,
          0,
          null,
          null,
          null,
          null,
          1,
          10,
          10,
          null,
          null,
          1,
          2,
          null,
          null
        ]
      },
      "/home/helpotters/Dropbox/programming/practice/ruby_programming/rails/when_are_we_free/app/controllers/application_controller.rb": {
        "lines": [
          1,
          null
        ]
      },
      "/home/helpotters/Dropbox/programming/practice/ruby_programming/rails/when_are_we_free/app/controllers/voters_controller.rb": {
        "lines": [
          1,
          1,
          null,
          1,
          2,
          2,
          null,
          2,
          2,
          4,
          2,
          null,
          0,
          0,
          null,
          null,
          null,
          null,
          1,
          null,
          1,
          2,
          null,
          null,
          null
        ]
      }
    },
    "timestamp": 1651380333
  }
}
